<?xml version="1.0" encoding="UTF-8"?>
<!-- Generated by org.testng.reporters.JUnitReportReporter -->
<testsuite name="com.toutiao.cases.toutiaocase.LoginTest" tests="2" time="1.441" ignored="0" failures="0" timestamp="03 Mar 2020 07:34:16 GMT" skipped="0" hostname="LAPTOP-5VPLT75S" errors="1">
  <testcase name="loginTrue" time="1.335" classname="com.toutiao.cases.toutiaocase.LoginTest">
    <error type="com.alibaba.fastjson.JSONException" message="syntax error, pos 1, json : &lt;br /&gt;
&lt;b&gt;Warning&lt;/b&gt;:  Invalid callback parent::err_handle, cannot access parent:: when current class scope has no parent in &lt;b&gt;/www/wwwroot/api/api.toutiao.lhtt.co/application/library/Passports.php&lt;/b&gt; on line &lt;b&gt;62&lt;/b&gt;&lt;br /&gt;
{&quot;status&quot;:1,&quot;result&quot;:{&quot;Id&quot;:&quot;16266&quot;,&quot;Safety&quot;:&quot;64c5b4532eb3a1c3199ec97c954405a6&quot;,&quot;Password&quot;:&quot;$2y$10$ksY71AFU2LBpzKawwgo7dOvkbiYEfXE0jCBTFsOVZm56QddkWZzaW&quot;,&quot;Face&quot;:&quot;https:\/\/upload.cc\/i1\/2019\/08\/09\/Dc6KWB.jpeg&quot;,&quot;Uid&quot;:&quot;LT016266&quot;,&quot;Status&quot;:&quot;1&quot;,&quot;Remark&quot;:&quot;&quot;,&quot;Nickname&quot;:&quot;\u6c11\u5fc3\u6240\u5411&quot;,&quot;Level&quot;:&quot;0&quot;}}">
      <![CDATA[com.alibaba.fastjson.JSONException: syntax error, pos 1, json : <br />
<b>Warning</b>:  Invalid callback parent::err_handle, cannot access parent:: when current class scope has no parent in <b>/www/wwwroot/api/api.toutiao.lhtt.co/application/library/Passports.php</b> on line <b>62</b><br />
{"status":1,"result":{"Id":"16266","Safety":"64c5b4532eb3a1c3199ec97c954405a6","Password":"$2y$10$ksY71AFU2LBpzKawwgo7dOvkbiYEfXE0jCBTFsOVZm56QddkWZzaW","Face":"https:\/\/upload.cc\/i1\/2019\/08\/09\/Dc6KWB.jpeg","Uid":"LT016266","Status":"1","Remark":"","Nickname":"\u6c11\u5fc3\u6240\u5411","Level":"0"}}
	at com.alibaba.fastjson.parser.DefaultJSONParser.parse(DefaultJSONParser.java:1436)
	at com.alibaba.fastjson.parser.DefaultJSONParser.parse(DefaultJSONParser.java:1322)
	at com.alibaba.fastjson.JSON.parse(JSON.java:152)
	at com.alibaba.fastjson.JSON.parse(JSON.java:162)
	at com.alibaba.fastjson.JSON.parse(JSON.java:131)
	at com.alibaba.fastjson.JSON.parseObject(JSON.java:223)
	at com.toutiao.cases.toutiaocase.LoginTest.loginTrue(LoginTest.java:64)
	at sun.reflect.NativeMethodAccessorImpl.invoke0(Native Method)
	at sun.reflect.NativeMethodAccessorImpl.invoke(NativeMethodAccessorImpl.java:62)
	at sun.reflect.DelegatingMethodAccessorImpl.invoke(DelegatingMethodAccessorImpl.java:43)
	at java.lang.reflect.Method.invoke(Method.java:498)
	at org.testng.internal.MethodInvocationHelper.invokeMethod(MethodInvocationHelper.java:104)
	at org.testng.internal.Invoker.invokeMethod(Invoker.java:645)
	at org.testng.internal.Invoker.invokeTestMethod(Invoker.java:851)
	at org.testng.internal.Invoker.invokeTestMethods(Invoker.java:1177)
	at org.testng.internal.TestMethodWorker.invokeTestMethods(TestMethodWorker.java:129)
	at org.testng.internal.TestMethodWorker.run(TestMethodWorker.java:112)
	at org.testng.TestRunner.privateRun(TestRunner.java:756)
	at org.testng.TestRunner.run(TestRunner.java:610)
	at org.testng.SuiteRunner.runTest(SuiteRunner.java:387)
	at org.testng.SuiteRunner.runSequentially(SuiteRunner.java:382)
	at org.testng.SuiteRunner.privateRun(SuiteRunner.java:340)
	at org.testng.SuiteRunner.run(SuiteRunner.java:289)
	at org.testng.SuiteRunnerWorker.runSuite(SuiteRunnerWorker.java:52)
	at org.testng.SuiteRunnerWorker.run(SuiteRunnerWorker.java:86)
	at org.testng.TestNG.runSuitesSequentially(TestNG.java:1293)
	at org.testng.TestNG.runSuitesLocally(TestNG.java:1218)
	at org.testng.TestNG.runSuites(TestNG.java:1133)
	at org.testng.TestNG.run(TestNG.java:1104)
	at org.apache.maven.surefire.testng.TestNGExecutor.run(TestNGExecutor.java:283)
	at org.apache.maven.surefire.testng.TestNGXmlTestSuite.execute(TestNGXmlTestSuite.java:75)
	at org.apache.maven.surefire.testng.TestNGProvider.invoke(TestNGProvider.java:120)
	at org.apache.maven.surefire.booter.ForkedBooter.invokeProviderInSameClassLoader(ForkedBooter.java:384)
	at org.apache.maven.surefire.booter.ForkedBooter.runSuitesInProcess(ForkedBooter.java:345)
	at org.apache.maven.surefire.booter.ForkedBooter.execute(ForkedBooter.java:126)
	at org.apache.maven.surefire.booter.ForkedBooter.main(ForkedBooter.java:418)
]]>
    </error>
  </testcase> <!-- loginTrue -->
  <testcase name="loginFalse" time="0.106" classname="com.toutiao.cases.toutiaocase.LoginTest"/>
</testsuite> <!-- com.toutiao.cases.toutiaocase.LoginTest -->
